<?xml version="1.0" encoding="UTF-8"?>
<!-- Generated by org.testng.reporters.JUnitReportReporter -->
<testsuite hostname="sca-lp585.avantek-sc.avantica.avanticatec.net avantica.avanticatec.net avanticape.avantica.avanticatec.net avanticabol.avantica.avanticatec.net avantica.net" name="test.test.ExampleWorkshopTest" tests="5" failures="0" timestamp="25 Apr 2019 13:54:19 GMT" time="3.853" errors="0">
  <testcase name="usingPathParameters" time="2.077" classname="test.test.ExampleWorkshopTest"/>
  <testcase name="usingQueryParams" time="0.955" classname="test.test.ExampleWorkshopTest"/>
  <testcase name="validateCountryForZipCodeUsingDataProvider" time="0.263" classname="test.test.ExampleWorkshopTest"/>
  <testcase name="validateCountryForZipCodeUsingDataProvider" time="0.275" classname="test.test.ExampleWorkshopTest"/>
  <testcase name="validateCountryForZipCode" time="0.283" classname="test.test.ExampleWorkshopTest"/>
</testsuite> <!-- test.test.ExampleWorkshopTest -->
